app/build/outputs/apk/manifest-merger-debug-report.txt
-- Merging decision tree log ---
manifest
ADDED from AndroidManifest.xml:2:1
	xmlns:tools
		ADDED from AndroidManifest.xml:2:148
	xmlns:android
		ADDED from AndroidManifest.xml:2:11
	package
		ADDED from AndroidManifest.xml:2:124
		INJECTED from AndroidManifest.xml:0:0
		INJECTED from AndroidManifest.xml:0:0
	android:versionName
		ADDED from AndroidManifest.xml:2:96
	android:versionCode
		ADDED from AndroidManifest.xml:2:70
		INJECTED from AndroidManifest.xml:0:0
		INJECTED from AndroidManifest.xml:0:0
uses-sdk
ADDED from AndroidManifest.xml:4:5
MERGED from com.google.android.gms:play-services-wearable:6.5.87:18:5
MERGED from com.google.android.gms:play-services-base:6.5.87:18:5
MERGED from com.android.support:support-v4:21.0.0:15:5
	android:targetSdkVersion
		INJECTED from AndroidManifest.xml:0:0
		INJECTED from AndroidManifest.xml:0:0
	android:minSdkVersion
		INJECTED from AndroidManifest.xml:0:0
		INJECTED from AndroidManifest.xml:0:0
	tools:overrideLibrary
		ADDED from AndroidManifest.xml:4:15
uses-permission#android.permission.READ_CONTACTS
ADDED from AndroidManifest.xml:6:5
	android:name
		ADDED from AndroidManifest.xml:6:22
uses-permission#android.permission.READ_PHONE_STATE
ADDED from AndroidManifest.xml:7:5
	android:name
		ADDED from AndroidManifest.xml:7:22
uses-permission#android.permission.SEND_SMS
ADDED from AndroidManifest.xml:9:5
	android:name
		ADDED from AndroidManifest.xml:9:22
uses-permission#android.permission.VIBRATE
ADDED from AndroidManifest.xml:10:5
	android:name
		ADDED from AndroidManifest.xml:10:22
uses-permission#android.permission.ACCESS_FINE_LOCATION
ADDED from AndroidManifest.xml:11:5
	android:name
		ADDED from AndroidManifest.xml:11:22
uses-permission#android.permission.ACCESS_COARSE_LOCATION
ADDED from AndroidManifest.xml:12:5
	android:name
		ADDED from AndroidManifest.xml:12:22
uses-permission#android.permission.RECEIVE_BOOT_COMPLETED
ADDED from AndroidManifest.xml:13:5
	android:name
		ADDED from AndroidManifest.xml:13:22
uses-permission#com.android.launcher.permission.INSTALL_SHORTCUT
ADDED from AndroidManifest.xml:14:5
	android:name
		ADDED from AndroidManifest.xml:14:22
uses-permission#com.android.launcher.permission.UNINSTALL_SHORTCUT
ADDED from AndroidManifest.xml:15:5
	android:name
		ADDED from AndroidManifest.xml:15:22
uses-permission#android.permission.WAKE_LOCK
ADDED from AndroidManifest.xml:16:5
	android:name
		ADDED from AndroidManifest.xml:16:22
uses-permission#android.permission.GET_TASKS
ADDED from AndroidManifest.xml:19:5
	android:name
		ADDED from AndroidManifest.xml:19:22
uses-permission#com.samsung.android.sdk.permission.SAMSUNG_CUP_SERVICE
ADDED from AndroidManifest.xml:20:5
	android:name
		ADDED from AndroidManifest.xml:20:22
uses-permission#android.permission.WRITE_SETTINGS
ADDED from AndroidManifest.xml:21:5
	android:name
		ADDED from AndroidManifest.xml:21:22
uses-permission#android.permission.SCREEN_ON
ADDED from AndroidManifest.xml:22:5
	android:name
		ADDED from AndroidManifest.xml:22:22
application
ADDED from AndroidManifest.xml:25:5
MERGED from com.google.android.gms:play-services-wearable:6.5.87:19:5
MERGED from com.google.android.gms:play-services-base:6.5.87:20:5
MERGED from com.android.support:support-v4:21.0.0:16:5
	android:label
		ADDED from AndroidManifest.xml:27:9
	android:allowBackup
		ADDED from AndroidManifest.xml:25:18
	android:icon
		ADDED from AndroidManifest.xml:26:9
	android:theme
		ADDED from AndroidManifest.xml:29:9
	android:name
		ADDED from AndroidManifest.xml:28:9
activity#com.mayday.md.HomeActivity
ADDED from AndroidManifest.xml:31:9
	android:screenOrientation
		ADDED from AndroidManifest.xml:32:67
	android:noHistory
		ADDED from AndroidManifest.xml:32:42
	android:label
		ADDED from AndroidManifest.xml:31:54
	android:excludeFromRecents
		ADDED from AndroidManifest.xml:31:19
	android:name
		ADDED from AndroidManifest.xml:32:13
intent-filter#android.intent.action.MAIN
ADDED from AndroidManifest.xml:33:13
action#android.intent.action.MAIN
ADDED from AndroidManifest.xml:34:17
	android:name
		ADDED from AndroidManifest.xml:34:25
activity-alias#com.mayday.md.HomeActivity-setup
ADDED from AndroidManifest.xml:39:9
	android:label
		ADDED from AndroidManifest.xml:40:13
	android:icon
		ADDED from AndroidManifest.xml:39:48
	android:enabled
		ADDED from AndroidManifest.xml:39:25
	android:targetActivity
		ADDED from AndroidManifest.xml:40:87
	android:name
		ADDED from AndroidManifest.xml:40:52
intent-filter#android.intent.action.MAIN+android.intent.category.LAUNCHER
ADDED from AndroidManifest.xml:41:13
category#android.intent.category.LAUNCHER
ADDED from AndroidManifest.xml:43:17
	android:name
		ADDED from AndroidManifest.xml:43:27
intent-filter#com.samsung.android.sdk.cup
ADDED from AndroidManifest.xml:45:13
action#com.samsung.android.sdk.cup
ADDED from AndroidManifest.xml:46:17
	android:name
		ADDED from AndroidManifest.xml:46:25
activity-alias#com.mayday.md.HomeActivity-calculator
ADDED from AndroidManifest.xml:50:9
	android:label
		ADDED from AndroidManifest.xml:51:13
	android:icon
		ADDED from AndroidManifest.xml:50:49
	android:enabled
		ADDED from AndroidManifest.xml:50:25
	android:targetActivity
		ADDED from AndroidManifest.xml:51:86
	android:name
		ADDED from AndroidManifest.xml:51:46
activity#com.mayday.md.WizardActivity
ADDED from AndroidManifest.xml:61:9
	android:screenOrientation
		ADDED from AndroidManifest.xml:62:13
	android:excludeFromRecents
		ADDED from AndroidManifest.xml:61:19
	android:name
		ADDED from AndroidManifest.xml:61:54
activity#com.mayday.md.WizardModalActivity
ADDED from AndroidManifest.xml:63:9
	android:screenOrientation
		ADDED from AndroidManifest.xml:64:13
	android:theme
		ADDED from AndroidManifest.xml:64:50
	android:excludeFromRecents
		ADDED from AndroidManifest.xml:63:19
	android:name
		ADDED from AndroidManifest.xml:63:54
activity#com.mayday.md.LoginActivity
ADDED from AndroidManifest.xml:65:9
	android:screenOrientation
		ADDED from AndroidManifest.xml:66:38
	android:noHistory
		ADDED from AndroidManifest.xml:66:13
	android:excludeFromRecents
		ADDED from AndroidManifest.xml:65:19
	android:name
		ADDED from AndroidManifest.xml:65:54
activity#com.mayday.md.MainActivity
ADDED from AndroidManifest.xml:67:9
	android:screenOrientation
		ADDED from AndroidManifest.xml:68:13
	android:excludeFromRecents
		ADDED from AndroidManifest.xml:67:19
	android:name
		ADDED from AndroidManifest.xml:67:54
activity#com.mayday.md.MainModalActivity
ADDED from AndroidManifest.xml:69:9
	android:screenOrientation
		ADDED from AndroidManifest.xml:70:13
	android:theme
		ADDED from AndroidManifest.xml:70:50
	android:excludeFromRecents
		ADDED from AndroidManifest.xml:69:19
	android:name
		ADDED from AndroidManifest.xml:69:54
service#com.mayday.md.trigger.HardwareTriggerService
ADDED from AndroidManifest.xml:72:9
	android:name
		ADDED from AndroidManifest.xml:72:18
receiver#com.mayday.md.trigger.BootReceiver
ADDED from AndroidManifest.xml:74:9
	android:exported
		ADDED from AndroidManifest.xml:74:42
	android:enabled
		ADDED from AndroidManifest.xml:74:19
	android:name
		ADDED from AndroidManifest.xml:74:67
intent-filter#android.intent.action.BOOT_COMPLETED
ADDED from AndroidManifest.xml:75:13
action#android.intent.action.BOOT_COMPLETED
ADDED from AndroidManifest.xml:76:17
	android:name
		ADDED from AndroidManifest.xml:76:25
receiver#com.mayday.md.location.LocationUpdateReceiver
ADDED from AndroidManifest.xml:80:9
	android:exported
		ADDED from AndroidManifest.xml:80:42
	android:enabled
		ADDED from AndroidManifest.xml:80:19
	android:name
		ADDED from AndroidManifest.xml:80:67
intent-filter#com.mayday.md.LOCATION_UPDATE_ACTION
ADDED from AndroidManifest.xml:81:13
action#com.mayday.md.LOCATION_UPDATE_ACTION
ADDED from AndroidManifest.xml:82:17
	android:name
		ADDED from AndroidManifest.xml:82:25
receiver#com.mayday.md.alert.AlarmReceiver
ADDED from AndroidManifest.xml:86:9
	android:exported
		ADDED from AndroidManifest.xml:86:42
	android:enabled
		ADDED from AndroidManifest.xml:86:19
	android:name
		ADDED from AndroidManifest.xml:86:67
intent-filter#com.mayday.md.SEND_ALERT_ACTION
ADDED from AndroidManifest.xml:87:13
action#com.mayday.md.SEND_ALERT_ACTION
ADDED from AndroidManifest.xml:88:17
	android:name
		ADDED from AndroidManifest.xml:88:25
intent-filter#com.mayday.md.SEND_ALERT_ACTION_SINGLE
ADDED from AndroidManifest.xml:90:13
action#com.mayday.md.SEND_ALERT_ACTION_SINGLE
ADDED from AndroidManifest.xml:91:17
	android:name
		ADDED from AndroidManifest.xml:91:25
meta-data#SAMSUNG_CUP_APP
ADDED from AndroidManifest.xml:99:9
	android:name
		ADDED from AndroidManifest.xml:100:13
	android:value
		ADDED from AndroidManifest.xml:101:13
meta-data#com.google.android.gms.version
ADDED from com.google.android.gms:play-services-base:6.5.87:21:9
	android:name
		ADDED from com.google.android.gms:play-services-base:6.5.87:22:13
	android:value
		ADDED from com.google.android.gms:play-services-base:6.5.87:23:13